<?xml version="1.0" encoding="UTF-8"?>
<!-- Generated by org.testng.reporters.JUnitReportReporter -->
<testsuite hostname="DESKTOP-PMD2RIO" failures="0" tests="1" name="org.api.RestAssured.RestAssuredTest.JiraTest" time="3.550" errors="0" timestamp="11 Jul 2019 16:49:14 GMT" skipped="0">
  <testcase classname="org.api.RestAssured.RestAssuredTest.JiraTest" name="jiraIssue" time="3.550"/>
</testsuite> <!-- org.api.RestAssured.RestAssuredTest.JiraTest -->
