<?xml version="1.0" encoding="UTF-8"?>
<!-- Generated by org.testng.reporters.JUnitReportReporter -->
<testsuite hostname="DESKTOP-PMD2RIO" failures="0" tests="1" name="org.api.RestAssured.RestAssuredTest.SessionKey" time="3.088" errors="0" timestamp="11 Jul 2019 15:02:05 GMT" skipped="0">
  <testcase classname="org.api.RestAssured.RestAssuredTest.SessionKey" name="cookieId" time="3.088"/>
</testsuite> <!-- org.api.RestAssured.RestAssuredTest.SessionKey -->
